alsa-utils
archlinux-themes-slim
autoconf
automake
binutils
bison
dbus
fakeroot
firefox
flex
gcc
gimp
git
gmrun
gnome-icon-theme
htop
leafpad
libtool
lxappearance
m4
make
nitrogen
notification-daemon
obconf
oblogout
obmenu
openbox
openbox-themes
openssh
patch
pkg-config
pyxdg
reflector
roxterm
slim
slim-themes
strace
sudo
thunar
thunar-volman
ttf-dejavu
virtualbox-archlinux-additions
virtualbox-archlinux-modules
xf86-video-ati
xf86-video-vesa
xorg-server
xorg-server-utils
xorg-twm
xorg-utils
xorg-xclock
xorg-xinit
xterm
